#
# There is insufficient memory for the Java Runtime Environment to continue.
# Native memory allocation (mmap) failed to map 67108864 bytes for G1 virtual space
# Possible reasons:
#   The system is out of physical RAM or swap space
#   The process is running with CompressedOops enabled, and the Java Heap may be blocking the growth of the native heap
# Possible solutions:
#   Reduce memory load on the system
#   Increase physical memory or swap space
#   Check if swap backing store is full
#   Decrease Java heap size (-Xmx/-Xms)
#   Decrease number of Java threads
#   Decrease Java thread stack sizes (-Xss)
#   Set larger code cache with -XX:ReservedCodeCacheSize=
#   JVM is running with Unscaled Compressed Oops mode in which the Java heap is
#     placed in the first 4GB address space. The Java Heap base address is the
#     maximum limit for the native heap growth. Please use -XX:HeapBaseMinAddress
#     to set the Java Heap base and to place the Java Heap above 4GB virtual address.
# This output file may be truncated or incomplete.
#
#  Out of Memory Error (./open/src/hotspot/os/windows/os_windows.cpp:3472), pid=15064, tid=8344
#
# JRE version: Java(TM) SE Runtime Environment (15.0.1+9) (build 15.0.1+9-18)
# Java VM: Java HotSpot(TM) 64-Bit Server VM (15.0.1+9-18, mixed mode, sharing, tiered, compressed oops, g1 gc, windows-amd64)
# No core dump will be written. Minidumps are not enabled by default on client versions of Windows
#

---------------  S U M M A R Y ------------

Command Line: -Dclassworlds.conf=C:\Program Files\NetBeans-12.1\netbeans\java\maven\bin\..\bin\m2.conf -Dmaven.home=C:\Program Files\NetBeans-12.1\netbeans\java\maven\bin\.. -Dlibrary.jansi.path=C:\Program Files\NetBeans-12.1\netbeans\java\maven\bin\..\lib\jansi-native -Dmaven.multiModuleProjectDirectory=E:\NTTV-HTV-ExpenseManager\Project-Update org.codehaus.plexus.classworlds.launcher.Launcher -Dnetbeans.deploy=true -Dmaven.ext.class.path=C:\Program Files\NetBeans-12.1\netbeans\java\maven-nblib\netbeans-eventspy.jar -Dfile.encoding=UTF-8 package

Host: Intel(R) Core(TM) i5-10210U CPU @ 1.60GHz, 8 cores, 7G,  Windows 10 , 64 bit Build 19041 (10.0.19041.1806)
Time: Wed Aug 31 16:43:18 2022 SE Asia Standard Time elapsed time: 8.818592 seconds (0d 0h 0m 8s)

---------------  T H R E A D  ---------------

Current thread (0x000002cdff16dbc0):  VMThread "VM Thread" [stack: 0x000000eb1d700000,0x000000eb1d800000] [id=8344]

Stack: [0x000000eb1d700000,0x000000eb1d800000]
[error occurred during error reporting (printing stack bounds), id 0xc0000005, EXCEPTION_ACCESS_VIOLATION (0xc0000005) at pc=0x000002cd800010ad]

Native frames: (J=compiled Java code, j=interpreted, Vv=VM code, C=native code)
V  [jvm.dll+0x62ae9a]
V  [jvm.dll+0x781389]
V  [jvm.dll+0x782ae3]
V  [jvm.dll+0x7830a5]
V  [jvm.dll+0x78305b]
V  [jvm.dll+0x62a2b9]
V  [jvm.dll+0x62aa88]
C  [ntdll.dll+0xa229f]
C  [ntdll.dll+0x51454]
C  [ntdll.dll+0xa0dce]
C  0x000002cd800010ad

VM_Operation (0x000000eb1d1faf40): G1CollectForAllocation, mode: safepoint, requested by thread 0x000002cdf1749dd0


---------------  P R O C E S S  ---------------

Threads class SMR info:
_java_thread_list=0x000002cd928d3af0, length=13, elements={
0x000002cdf1749dd0, 0x000002cdff16fbe0, 0x000002cdff1707b0, 0x000002cdff18a300,
0x000002cdff18ccd0, 0x000002cdff18ef30, 0x000002cdff1912a0, 0x000002cdff19ee00,
0x000002cdff1b42a0, 0x000002cdffbc4340, 0x000002cdffbeb2d0, 0x000002cdff19b650,
0x000002cdff19e3e0
}

Java Threads: ( => current thread )
  0x000002cdf1749dd0 JavaThread "main" [_thread_blocked, id=14404, stack(0x000000eb1d100000,0x000000eb1d200000)]
  0x000002cdff16fbe0 JavaThread "Reference Handler" daemon [_thread_blocked, id=8388, stack(0x000000eb1d800000,0x000000eb1d900000)]
  0x000002cdff1707b0 JavaThread "Finalizer" daemon [_thread_blocked, id=16692, stack(0x000000eb1d900000,0x000000eb1da00000)]
  0x000002cdff18a300 JavaThread "Signal Dispatcher" daemon [_thread_blocked, id=18508, stack(0x000000eb1da00000,0x000000eb1db00000)]
  0x000002cdff18ccd0 JavaThread "Attach Listener" daemon [_thread_blocked, id=656, stack(0x000000eb1db00000,0x000000eb1dc00000)]
  0x000002cdff18ef30 JavaThread "Service Thread" daemon [_thread_blocked, id=6400, stack(0x000000eb1dc00000,0x000000eb1dd00000)]
  0x000002cdff1912a0 JavaThread "C2 CompilerThread0" daemon [_thread_in_native, id=10292, stack(0x000000eb1dd00000,0x000000eb1de00000)]
  0x000002cdff19ee00 JavaThread "C1 CompilerThread0" daemon [_thread_blocked, id=5396, stack(0x000000eb1de00000,0x000000eb1df00000)]
  0x000002cdff1b42a0 JavaThread "Sweeper thread" daemon [_thread_blocked, id=13208, stack(0x000000eb1df00000,0x000000eb1e000000)]
  0x000002cdffbc4340 JavaThread "Notification Thread" daemon [_thread_blocked, id=16288, stack(0x000000eb1e000000,0x000000eb1e100000)]
  0x000002cdffbeb2d0 JavaThread "Common-Cleaner" daemon [_thread_blocked, id=19996, stack(0x000000eb1e200000,0x000000eb1e300000)]
  0x000002cdff19b650 JavaThread "C2 CompilerThread1" daemon [_thread_blocked, id=916, stack(0x000000eb1e300000,0x000000eb1e400000)]
  0x000002cdff19e3e0 JavaThread "C2 CompilerThread2" daemon [_thread_blocked, id=19936, stack(0x000000eb1e400000,0x000000eb1e500000)]

Other Threads:
=>0x000002cdff16dbc0 VMThread "VM Thread" [stack: 0x000000eb1d700000,0x000000eb1d800000] [id=8344]
  0x000002cdffbccfd0 WatcherThread [stack: 0x000000eb1e100000,0x000000eb1e200000] [id=11360]
  0x000002cdf1783d90 GCTaskThread "GC Thread#0" [stack: 0x000000eb1d200000,0x000000eb1d300000] [id=15312]
  0x000002cd9106f310 GCTaskThread "GC Thread#1" [stack: 0x000000eb1e500000,0x000000eb1e600000] [id=16896]
  0x000002cd9106ccd0 GCTaskThread "GC Thread#2" [stack: 0x000000eb1e600000,0x000000eb1e700000] [id=15792]
  0x000002cdf1795af0 ConcurrentGCThread "G1 Main Marker" [stack: 0x000000eb1d300000,0x000000eb1d400000] [id=9124]
  0x000002cdf1796e80 ConcurrentGCThread "G1 Conc#0" [stack: 0x000000eb1d400000,0x000000eb1d500000] [id=16508]
  0x000002cd9106c670 ConcurrentGCThread "G1 Conc#1" [stack: 0x000000eb1e700000,0x000000eb1e800000] [id=14112]
  0x000002cdf1810280 ConcurrentGCThread "G1 Refine#0" [stack: 0x000000eb1d500000,0x000000eb1d600000] [id=19748]
  0x000002cd91f11e10 ConcurrentGCThread "G1 Refine#1" [stack: 0x000000eb1e800000,0x000000eb1e900000] [id=14884]
  0x000002cdf1810e80 ConcurrentGCThread "G1 Young RemSet Sampling" [stack: 0x000000eb1d600000,0x000000eb1d700000] [id=14196]

Threads with active compile tasks:
C2 CompilerThread0     8836 6640       4       com.sun.tools.javac.code.Type$ClassType::getKind (30 bytes)
C2 CompilerThread1     8836 6724       4       org.eclipse.persistence.internal.jpa.modelgen.visitors.ElementVisitor::visitExecutable (136 bytes)
C2 CompilerThread2     8836 6674       4       org.eclipse.persistence.internal.jpa.modelgen.MetadataMirrorFactory::getMetadataClass (346 bytes)

VM state: at safepoint (normal execution)

VM Mutex/Monitor currently owned by a thread:  ([mutex/lock_event])
[0x000002cdf1745ae0] Threads_lock - owner thread: 0x000002cdff16dbc0
[0x000002cdf1745420] Heap_lock - owner thread: 0x000002cdf1749dd0

Heap address: 0x0000000082400000, size: 2012 MB, Compressed Oops mode: 32-bit
CDS archive(s) mapped at: [0x0000000800000000-0x0000000800b50000-0x0000000800b50000), size 11862016, SharedBaseAddress: 0x0000000800000000, ArchiveRelocationMode: 0.
Compressed class space mapped at: 0x0000000800b50000-0x0000000840b50000, size: 1073741824
Narrow klass base: 0x0000000800000000, Narrow klass shift: 3, Narrow klass range: 0x100000000

GC Precious Log:
 CPUs: 8 total, 8 available
 Memory: 8040M
 Large Page Support: Disabled
 NUMA Support: Disabled
 Compressed Oops: Enabled (32-bit)
 Heap Region Size: 1M
 Heap Min Capacity: 8M
 Heap Initial Capacity: 126M
 Heap Max Capacity: 2012M
 Pre-touch: Disabled
 Parallel Workers: 8
 Concurrent Workers: 2
 Concurrent Refinement Workers: 8
 Periodic GC: Disabled

Heap:
 garbage-first heap   total 225280K, used 72897K [0x0000000082400000, 0x0000000100000000)
  region size 1024K, 3 young (3072K), 3 survivors (3072K)
 Metaspace       used 31256K, capacity 31875K, committed 32000K, reserved 1077248K
  class space    used 3295K, capacity 3513K, committed 3584K, reserved 1048576K

Heap Regions: E=young(eden), S=young(survivor), O=old, HS=humongous(starts), HC=humongous(continues), CS=collection set, F=free, OA=open archive, CA=closed archive, TAMS=top-at-mark-start (previous, next)
|   0|0x0000000082400000, 0x0000000082500000, 0x0000000082500000|100%| O|  |TAMS 0x0000000082500000, 0x0000000082400000| Untracked 
|   1|0x0000000082500000, 0x0000000082600000, 0x0000000082600000|100%| O|  |TAMS 0x0000000082600000, 0x0000000082500000| Untracked 
|   2|0x0000000082600000, 0x0000000082700000, 0x0000000082700000|100%| O|  |TAMS 0x0000000082700000, 0x0000000082600000| Untracked 
|   3|0x0000000082700000, 0x0000000082800000, 0x0000000082800000|100%| O|  |TAMS 0x0000000082800000, 0x0000000082700000| Untracked 
|   4|0x0000000082800000, 0x0000000082900000, 0x0000000082900000|100%| O|  |TAMS 0x0000000082900000, 0x0000000082800000| Untracked 
|   5|0x0000000082900000, 0x0000000082a00000, 0x0000000082a00000|100%| O|  |TAMS 0x0000000082a00000, 0x0000000082900000| Untracked 
|   6|0x0000000082a00000, 0x0000000082b00000, 0x0000000082b00000|100%|HS|  |TAMS 0x0000000082b00000, 0x0000000082a00000| Complete 
|   7|0x0000000082b00000, 0x0000000082c00000, 0x0000000082c00000|100%| O|  |TAMS 0x0000000082c00000, 0x0000000082b00000| Untracked 
|   8|0x0000000082c00000, 0x0000000082d00000, 0x0000000082d00000|100%| O|  |TAMS 0x0000000082d00000, 0x0000000082c00000| Untracked 
|   9|0x0000000082d00000, 0x0000000082e00000, 0x0000000082e00000|100%| O|  |TAMS 0x0000000082e00000, 0x0000000082d00000| Untracked 
|  10|0x0000000082e00000, 0x0000000082eb2a00, 0x0000000082f00000| 69%| O|  |TAMS 0x0000000082eb2a00, 0x0000000082e00000| Untracked 
|  11|0x0000000082f00000, 0x0000000083000000, 0x0000000083000000|100%| O|  |TAMS 0x0000000083000000, 0x0000000082f00000| Untracked 
|  12|0x0000000083000000, 0x0000000083100000, 0x0000000083100000|100%| O|  |TAMS 0x0000000083100000, 0x0000000083000000| Untracked 
|  13|0x0000000083100000, 0x0000000083200000, 0x0000000083200000|100%| O|  |TAMS 0x0000000083200000, 0x0000000083100000| Untracked 
|  14|0x0000000083200000, 0x0000000083300000, 0x0000000083300000|100%| O|  |TAMS 0x0000000083300000, 0x0000000083200000| Untracked 
|  15|0x0000000083300000, 0x0000000083400000, 0x0000000083400000|100%| O|  |TAMS 0x0000000083400000, 0x0000000083300000| Untracked 
|  16|0x0000000083400000, 0x0000000083500000, 0x0000000083500000|100%| O|  |TAMS 0x0000000083500000, 0x0000000083400000| Untracked 
|  17|0x0000000083500000, 0x0000000083600000, 0x0000000083600000|100%| O|  |TAMS 0x0000000083600000, 0x0000000083500000| Untracked 
|  18|0x0000000083600000, 0x0000000083700000, 0x0000000083700000|100%| O|  |TAMS 0x0000000083700000, 0x0000000083600000| Untracked 
|  19|0x0000000083700000, 0x0000000083800000, 0x0000000083800000|100%| O|  |TAMS 0x0000000083800000, 0x0000000083700000| Untracked 
|  20|0x0000000083800000, 0x0000000083900000, 0x0000000083900000|100%| O|  |TAMS 0x0000000083900000, 0x0000000083800000| Untracked 
|  21|0x0000000083900000, 0x0000000083a00000, 0x0000000083a00000|100%| O|  |TAMS 0x0000000083a00000, 0x0000000083900000| Untracked 
|  22|0x0000000083a00000, 0x0000000083b00000, 0x0000000083b00000|100%| O|  |TAMS 0x0000000083b00000, 0x0000000083a00000| Untracked 
|  23|0x0000000083b00000, 0x0000000083c00000, 0x0000000083c00000|100%|HS|  |TAMS 0x0000000083c00000, 0x0000000083b00000| Complete 
|  24|0x0000000083c00000, 0x0000000083d00000, 0x0000000083d00000|100%| O|  |TAMS 0x0000000083d00000, 0x0000000083c00000| Untracked 
|  25|0x0000000083d00000, 0x0000000083e00000, 0x0000000083e00000|100%| O|  |TAMS 0x0000000083e00000, 0x0000000083d00000| Untracked 
|  26|0x0000000083e00000, 0x0000000083f00000, 0x0000000083f00000|100%| O|  |TAMS 0x0000000083f00000, 0x0000000083e00000| Untracked 
|  27|0x0000000083f00000, 0x0000000084000000, 0x0000000084000000|100%| O|  |TAMS 0x0000000084000000, 0x0000000083f00000| Untracked 
|  28|0x0000000084000000, 0x0000000084100000, 0x0000000084100000|100%| O|  |TAMS 0x0000000084100000, 0x0000000084000000| Untracked 
|  29|0x0000000084100000, 0x0000000084200000, 0x0000000084200000|100%| O|  |TAMS 0x0000000084200000, 0x0000000084100000| Untracked 
|  30|0x0000000084200000, 0x0000000084300000, 0x0000000084300000|100%| O|  |TAMS 0x0000000084300000, 0x0000000084200000| Untracked 
|  31|0x0000000084300000, 0x0000000084400000, 0x0000000084400000|100%| O|  |TAMS 0x0000000084400000, 0x0000000084300000| Untracked 
|  32|0x0000000084400000, 0x0000000084500000, 0x0000000084500000|100%| O|  |TAMS 0x0000000084500000, 0x0000000084400000| Untracked 
|  33|0x0000000084500000, 0x0000000084600000, 0x0000000084600000|100%| O|  |TAMS 0x0000000084600000, 0x0000000084500000| Untracked 
|  34|0x0000000084600000, 0x0000000084700000, 0x0000000084700000|100%| O|  |TAMS 0x0000000084700000, 0x0000000084600000| Untracked 
|  35|0x0000000084700000, 0x0000000084800000, 0x0000000084800000|100%| O|  |TAMS 0x0000000084800000, 0x0000000084700000| Untracked 
|  36|0x0000000084800000, 0x0000000084900000, 0x0000000084900000|100%| O|  |TAMS 0x0000000084900000, 0x0000000084800000| Untracked 
|  37|0x0000000084900000, 0x0000000084a00000, 0x0000000084a00000|100%| O|  |TAMS 0x0000000084a00000, 0x0000000084900000| Untracked 
|  38|0x0000000084a00000, 0x0000000084b00000, 0x0000000084b00000|100%| O|  |TAMS 0x0000000084b00000, 0x0000000084a00000| Untracked 
|  39|0x0000000084b00000, 0x0000000084c00000, 0x0000000084c00000|100%| O|  |TAMS 0x0000000084c00000, 0x0000000084b00000| Untracked 
|  40|0x0000000084c00000, 0x0000000084d00000, 0x0000000084d00000|100%| O|  |TAMS 0x0000000084d00000, 0x0000000084c00000| Untracked 
|  41|0x0000000084d00000, 0x0000000084e00000, 0x0000000084e00000|100%| O|  |TAMS 0x0000000084e00000, 0x0000000084d00000| Untracked 
|  42|0x0000000084e00000, 0x0000000084f00000, 0x0000000084f00000|100%| O|  |TAMS 0x0000000084e00000, 0x0000000084e00000| Untracked 
|  43|0x0000000084f00000, 0x0000000085000000, 0x0000000085000000|100%| O|  |TAMS 0x0000000084f00000, 0x0000000084f00000| Untracked 
|  44|0x0000000085000000, 0x0000000085100000, 0x0000000085100000|100%| O|  |TAMS 0x0000000085100000, 0x0000000085000000| Untracked 
|  45|0x0000000085100000, 0x0000000085200000, 0x0000000085200000|100%| O|  |TAMS 0x0000000085200000, 0x0000000085100000| Untracked 
|  46|0x0000000085200000, 0x0000000085300000, 0x0000000085300000|100%| O|  |TAMS 0x0000000085300000, 0x0000000085200000| Untracked 
|  47|0x0000000085300000, 0x0000000085400000, 0x0000000085400000|100%| O|  |TAMS 0x0000000085400000, 0x0000000085300000| Untracked 
|  48|0x0000000085400000, 0x0000000085500000, 0x0000000085500000|100%| O|  |TAMS 0x0000000085500000, 0x0000000085400000| Untracked 
|  49|0x0000000085500000, 0x0000000085600000, 0x0000000085600000|100%|HS|  |TAMS 0x0000000085600000, 0x0000000085500000| Complete 
|  50|0x0000000085600000, 0x0000000085700000, 0x0000000085700000|100%|HC|  |TAMS 0x0000000085700000, 0x0000000085600000| Complete 
|  51|0x0000000085700000, 0x0000000085800000, 0x0000000085800000|100%|HC|  |TAMS 0x0000000085800000, 0x0000000085700000| Complete 
|  52|0x0000000085800000, 0x0000000085900000, 0x0000000085900000|100%| O|  |TAMS 0x0000000085900000, 0x0000000085800000| Untracked 
|  53|0x0000000085900000, 0x0000000085a00000, 0x0000000085a00000|100%| O|  |TAMS 0x0000000085a00000, 0x0000000085900000| Untracked 
|  54|0x0000000085a00000, 0x0000000085b00000, 0x0000000085b00000|100%| O|  |TAMS 0x0000000085b00000, 0x0000000085a00000| Untracked 
|  55|0x0000000085b00000, 0x0000000085c00000, 0x0000000085c00000|100%| O|  |TAMS 0x0000000085b5c400, 0x0000000085b00000| Untracked 
|  56|0x0000000085c00000, 0x0000000085d00000, 0x0000000085d00000|100%| O|  |TAMS 0x0000000085c00000, 0x0000000085c00000| Untracked 
|  57|0x0000000085d00000, 0x0000000085e00000, 0x0000000085e00000|100%| O|  |TAMS 0x0000000085d00000, 0x0000000085d00000| Untracked 
|  58|0x0000000085e00000, 0x0000000085f00000, 0x0000000085f00000|100%| O|  |TAMS 0x0000000085e00000, 0x0000000085e00000| Untracked 
|  59|0x0000000085f00000, 0x0000000086000000, 0x0000000086000000|100%| O|  |TAMS 0x0000000085f00000, 0x0000000085f00000| Untracked 
|  60|0x0000000086000000, 0x0000000086100000, 0x0000000086100000|100%| O|  |TAMS 0x0000000086000000, 0x0000000086000000| Untracked 
|  61|0x0000000086100000, 0x0000000086200000, 0x0000000086200000|100%| O|  |TAMS 0x0000000086100000, 0x0000000086100000| Untracked 
|  62|0x0000000086200000, 0x0000000086300000, 0x0000000086300000|100%| O|  |TAMS 0x0000000086200000, 0x0000000086200000| Untracked 
|  63|0x0000000086300000, 0x0000000086400000, 0x0000000086400000|100%| O|  |TAMS 0x0000000086300000, 0x0000000086300000| Untracked 
|  64|0x0000000086400000, 0x000000008647dc00, 0x0000000086500000| 49%| O|  |TAMS 0x0000000086400000, 0x0000000086400000| Untracked 
|  65|0x0000000086500000, 0x0000000086500000, 0x0000000086600000|  0%| F|  |TAMS 0x0000000086500000, 0x0000000086500000| Untracked 
|  66|0x0000000086600000, 0x0000000086600000, 0x0000000086700000|  0%| F|  |TAMS 0x0000000086600000, 0x0000000086600000| Untracked 
|  67|0x0000000086700000, 0x0000000086700000, 0x0000000086800000|  0%| F|  |TAMS 0x0000000086700000, 0x0000000086700000| Untracked 
|  68|0x0000000086800000, 0x0000000086800000, 0x0000000086900000|  0%| F|  |TAMS 0x0000000086800000, 0x0000000086800000| Untracked 
|  69|0x0000000086900000, 0x0000000086900000, 0x0000000086a00000|  0%| F|  |TAMS 0x0000000086900000, 0x0000000086900000| Untracked 
|  70|0x0000000086a00000, 0x0000000086a00000, 0x0000000086b00000|  0%| F|  |TAMS 0x0000000086a00000, 0x0000000086a00000| Untracked 
|  71|0x0000000086b00000, 0x0000000086b00000, 0x0000000086c00000|  0%| F|  |TAMS 0x0000000086b00000, 0x0000000086b00000| Untracked 
|  72|0x0000000086c00000, 0x0000000086c00000, 0x0000000086d00000|  0%| F|  |TAMS 0x0000000086c00000, 0x0000000086c00000| Untracked 
|  73|0x0000000086d00000, 0x0000000086d00000, 0x0000000086e00000|  0%| F|  |TAMS 0x0000000086d00000, 0x0000000086d00000| Untracked 
|  74|0x0000000086e00000, 0x0000000086e00000, 0x0000000086f00000|  0%| F|  |TAMS 0x0000000086e00000, 0x0000000086e00000| Untracked 
|  75|0x0000000086f00000, 0x0000000086f00000, 0x0000000087000000|  0%| F|  |TAMS 0x0000000086f00000, 0x0000000086f00000| Untracked 
|  76|0x0000000087000000, 0x0000000087000000, 0x0000000087100000|  0%| F|  |TAMS 0x0000000087000000, 0x0000000087000000| Untracked 
|  77|0x0000000087100000, 0x0000000087100000, 0x0000000087200000|  0%| F|  |TAMS 0x0000000087100000, 0x0000000087100000| Untracked 
|  78|0x0000000087200000, 0x0000000087200000, 0x0000000087300000|  0%| F|  |TAMS 0x0000000087200000, 0x0000000087200000| Untracked 
|  79|0x0000000087300000, 0x0000000087300000, 0x0000000087400000|  0%| F|  |TAMS 0x0000000087300000, 0x0000000087300000| Untracked 
|  80|0x0000000087400000, 0x0000000087400000, 0x0000000087500000|  0%| F|  |TAMS 0x0000000087400000, 0x0000000087400000| Untracked 
|  81|0x0000000087500000, 0x0000000087500000, 0x0000000087600000|  0%| F|  |TAMS 0x0000000087500000, 0x0000000087500000| Untracked 
|  82|0x0000000087600000, 0x0000000087600000, 0x0000000087700000|  0%| F|  |TAMS 0x0000000087600000, 0x0000000087600000| Untracked 
|  83|0x0000000087700000, 0x0000000087700000, 0x0000000087800000|  0%| F|  |TAMS 0x0000000087700000, 0x0000000087700000| Untracked 
|  84|0x0000000087800000, 0x0000000087800000, 0x0000000087900000|  0%| F|  |TAMS 0x0000000087800000, 0x0000000087800000| Untracked 
|  85|0x0000000087900000, 0x0000000087900000, 0x0000000087a00000|  0%| F|  |TAMS 0x0000000087900000, 0x0000000087900000| Untracked 
|  86|0x0000000087a00000, 0x0000000087a00000, 0x0000000087b00000|  0%| F|  |TAMS 0x0000000087a00000, 0x0000000087a00000| Untracked 
|  87|0x0000000087b00000, 0x0000000087b00000, 0x0000000087c00000|  0%| F|  |TAMS 0x0000000087b00000, 0x0000000087b00000| Untracked 
|  88|0x0000000087c00000, 0x0000000087c00000, 0x0000000087d00000|  0%| F|  |TAMS 0x0000000087c00000, 0x0000000087c00000| Untracked 
|  89|0x0000000087d00000, 0x0000000087d00000, 0x0000000087e00000|  0%| F|  |TAMS 0x0000000087d00000, 0x0000000087d00000| Untracked 
|  90|0x0000000087e00000, 0x0000000087e00000, 0x0000000087f00000|  0%| F|  |TAMS 0x0000000087e00000, 0x0000000087e00000| Untracked 
|  91|0x0000000087f00000, 0x0000000087f00000, 0x0000000088000000|  0%| F|  |TAMS 0x0000000087f00000, 0x0000000087f00000| Untracked 
|  92|0x0000000088000000, 0x0000000088000000, 0x0000000088100000|  0%| F|  |TAMS 0x0000000088000000, 0x0000000088000000| Untracked 
|  93|0x0000000088100000, 0x0000000088100000, 0x0000000088200000|  0%| F|  |TAMS 0x0000000088100000, 0x0000000088100000| Untracked 
|  94|0x0000000088200000, 0x0000000088200000, 0x0000000088300000|  0%| F|  |TAMS 0x0000000088200000, 0x0000000088200000| Untracked 
|  95|0x0000000088300000, 0x0000000088300000, 0x0000000088400000|  0%| F|  |TAMS 0x0000000088300000, 0x0000000088300000| Untracked 
|  96|0x0000000088400000, 0x0000000088400000, 0x0000000088500000|  0%| F|  |TAMS 0x0000000088400000, 0x0000000088400000| Untracked 
|  97|0x0000000088500000, 0x0000000088500000, 0x0000000088600000|  0%| F|  |TAMS 0x0000000088500000, 0x0000000088500000| Untracked 
|  98|0x0000000088600000, 0x0000000088600000, 0x0000000088700000|  0%| F|  |TAMS 0x0000000088600000, 0x0000000088600000| Untracked 
|  99|0x0000000088700000, 0x0000000088700000, 0x0000000088800000|  0%| F|  |TAMS 0x0000000088700000, 0x0000000088700000| Untracked 
| 100|0x0000000088800000, 0x0000000088900000, 0x0000000088900000|100%| S|CS|TAMS 0x0000000088800000, 0x0000000088800000| Complete 
| 101|0x0000000088900000, 0x0000000088a00000, 0x0000000088a00000|100%| S|CS|TAMS 0x0000000088900000, 0x0000000088900000| Complete 
| 102|0x0000000088a00000, 0x0000000088b00000, 0x0000000088b00000|100%| S|CS|TAMS 0x0000000088a00000, 0x0000000088a00000| Complete 
| 103|0x0000000088b00000, 0x0000000088b00000, 0x0000000088c00000|  0%| F|  |TAMS 0x0000000088b00000, 0x0000000088b00000| Untracked 
| 104|0x0000000088c00000, 0x0000000088c00000, 0x0000000088d00000|  0%| F|  |TAMS 0x0000000088c00000, 0x0000000088c00000| Untracked 
| 105|0x0000000088d00000, 0x0000000088d00000, 0x0000000088e00000|  0%| F|  |TAMS 0x0000000088d00000, 0x0000000088d00000| Untracked 
| 106|0x0000000088e00000, 0x0000000088e00000, 0x0000000088f00000|  0%| F|  |TAMS 0x0000000088e00000, 0x0000000088e00000| Untracked 
| 107|0x0000000088f00000, 0x0000000088f00000, 0x0000000089000000|  0%| F|  |TAMS 0x0000000088f00000, 0x0000000088f00000| Untracked 
| 108|0x0000000089000000, 0x0000000089000000, 0x0000000089100000|  0%| F|  |TAMS 0x0000000089000000, 0x0000000089000000| Untracked 
| 109|0x0000000089100000, 0x0000000089100000, 0x0000000089200000|  0%| F|  |TAMS 0x0000000089100000, 0x0000000089100000| Untracked 
| 110|0x0000000089200000, 0x0000000089200000, 0x0000000089300000|  0%| F|  |TAMS 0x0000000089200000, 0x0000000089200000| Untracked 
| 111|0x0000000089300000, 0x0000000089300000, 0x0000000089400000|  0%| F|  |TAMS 0x0000000089300000, 0x0000000089300000| Untracked 
| 112|0x0000000089400000, 0x0000000089400000, 0x0000000089500000|  0%| F|  |TAMS 0x0000000089400000, 0x0000000089400000| Untracked 
| 113|0x0000000089500000, 0x0000000089500000, 0x0000000089600000|  0%| F|  |TAMS 0x0000000089500000, 0x0000000089500000| Untracked 
| 114|0x0000000089600000, 0x0000000089600000, 0x0000000089700000|  0%| F|  |TAMS 0x0000000089600000, 0x0000000089600000| Untracked 
| 115|0x0000000089700000, 0x0000000089700000, 0x0000000089800000|  0%| F|  |TAMS 0x0000000089700000, 0x0000000089700000| Untracked 
| 116|0x0000000089800000, 0x0000000089800000, 0x0000000089900000|  0%| F|  |TAMS 0x0000000089800000, 0x0000000089800000| Untracked 
| 117|0x0000000089900000, 0x0000000089900000, 0x0000000089a00000|  0%| F|  |TAMS 0x0000000089900000, 0x0000000089900000| Untracked 
| 118|0x0000000089a00000, 0x0000000089a00000, 0x0000000089b00000|  0%| F|  |TAMS 0x0000000089a00000, 0x0000000089a00000| Untracked 
| 119|0x0000000089b00000, 0x0000000089b00000, 0x0000000089c00000|  0%| F|  |TAMS 0x0000000089b00000, 0x0000000089b00000| Untracked 
| 120|0x0000000089c00000, 0x0000000089c00000, 0x0000000089d00000|  0%| F|  |TAMS 0x0000000089c00000, 0x0000000089c00000| Untracked 
| 121|0x0000000089d00000, 0x0000000089d00000, 0x0000000089e00000|  0%| F|  |TAMS 0x0000000089d00000, 0x0000000089d00000| Untracked 
| 122|0x0000000089e00000, 0x0000000089e00000, 0x0000000089f00000|  0%| F|  |TAMS 0x0000000089e00000, 0x0000000089e00000| Untracked 
| 123|0x0000000089f00000, 0x0000000089f00000, 0x000000008a000000|  0%| F|  |TAMS 0x0000000089f00000, 0x0000000089f00000| Untracked 
| 124|0x000000008a000000, 0x000000008a000000, 0x000000008a100000|  0%| F|  |TAMS 0x000000008a000000, 0x000000008a000000| Untracked 
| 125|0x000000008a100000, 0x000000008a100000, 0x000000008a200000|  0%| F|  |TAMS 0x000000008a100000, 0x000000008a100000| Untracked 
| 126|0x000000008a200000, 0x000000008a200000, 0x000000008a300000|  0%| F|  |TAMS 0x000000008a200000, 0x000000008a200000| Untracked 
| 127|0x000000008a300000, 0x000000008a300000, 0x000000008a400000|  0%| F|  |TAMS 0x000000008a300000, 0x000000008a300000| Untracked 
| 128|0x000000008a400000, 0x000000008a400000, 0x000000008a500000|  0%| F|  |TAMS 0x000000008a400000, 0x000000008a400000| Untracked 
| 129|0x000000008a500000, 0x000000008a500000, 0x000000008a600000|  0%| F|  |TAMS 0x000000008a500000, 0x000000008a500000| Untracked 
| 130|0x000000008a600000, 0x000000008a600000, 0x000000008a700000|  0%| F|  |TAMS 0x000000008a600000, 0x000000008a600000| Untracked 
| 131|0x000000008a700000, 0x000000008a700000, 0x000000008a800000|  0%| F|  |TAMS 0x000000008a700000, 0x000000008a700000| Untracked 
| 132|0x000000008a800000, 0x000000008a800000, 0x000000008a900000|  0%| F|  |TAMS 0x000000008a800000, 0x000000008a800000| Untracked 
| 133|0x000000008a900000, 0x000000008a900000, 0x000000008aa00000|  0%| F|  |TAMS 0x000000008a900000, 0x000000008a900000| Untracked 
| 134|0x000000008aa00000, 0x000000008aa00000, 0x000000008ab00000|  0%| F|  |TAMS 0x000000008aa00000, 0x000000008aa00000| Untracked 
| 135|0x000000008ab00000, 0x000000008ab00000, 0x000000008ac00000|  0%| F|  |TAMS 0x000000008ab00000, 0x000000008ab00000| Untracked 
| 136|0x000000008ac00000, 0x000000008ac00000, 0x000000008ad00000|  0%| F|  |TAMS 0x000000008ac00000, 0x000000008ac00000| Untracked 
| 137|0x000000008ad00000, 0x000000008ad00000, 0x000000008ae00000|  0%| F|  |TAMS 0x000000008ad00000, 0x000000008ad00000| Untracked 
| 138|0x000000008ae00000, 0x000000008ae00000, 0x000000008af00000|  0%| F|  |TAMS 0x000000008ae00000, 0x000000008ae00000| Untracked 
| 139|0x000000008af00000, 0x000000008af00000, 0x000000008b000000|  0%| F|  |TAMS 0x000000008af00000, 0x000000008af00000| Untracked 
| 140|0x000000008b000000, 0x000000008b000000, 0x000000008b100000|  0%| F|  |TAMS 0x000000008b000000, 0x000000008b000000| Untracked 
| 141|0x000000008b100000, 0x000000008b100000, 0x000000008b200000|  0%| F|  |TAMS 0x000000008b100000, 0x000000008b100000| Untracked 
| 142|0x000000008b200000, 0x000000008b200000, 0x000000008b300000|  0%| F|  |TAMS 0x000000008b200000, 0x000000008b200000| Untracked 
| 143|0x000000008b300000, 0x000000008b300000, 0x000000008b400000|  0%| F|  |TAMS 0x000000008b300000, 0x000000008b300000| Untracked 
| 144|0x000000008b400000, 0x000000008b400000, 0x000000008b500000|  0%| F|  |TAMS 0x000000008b400000, 0x000000008b400000| Untracked 
| 145|0x000000008b500000, 0x000000008b500000, 0x000000008b600000|  0%| F|  |TAMS 0x000000008b500000, 0x000000008b500000| Untracked 
| 146|0x000000008b600000, 0x000000008b600000, 0x000000008b700000|  0%| F|  |TAMS 0x000000008b600000, 0x000000008b600000| Untracked 
| 147|0x000000008b700000, 0x000000008b700000, 0x000000008b800000|  0%| F|  |TAMS 0x000000008b700000, 0x000000008b700000| Untracked 
| 148|0x000000008b800000, 0x000000008b800000, 0x000000008b900000|  0%| F|  |TAMS 0x000000008b800000, 0x000000008b800000| Untracked 
| 149|0x000000008b900000, 0x000000008b900000, 0x000000008ba00000|  0%| F|  |TAMS 0x000000008b900000, 0x000000008b900000| Untracked 
| 150|0x000000008ba00000, 0x000000008ba00000, 0x000000008bb00000|  0%| F|  |TAMS 0x000000008ba00000, 0x000000008ba00000| Untracked 
| 151|0x000000008bb00000, 0x000000008bb00000, 0x000000008bc00000|  0%| F|  |TAMS 0x000000008bb00000, 0x000000008bb00000| Untracked 
|2008|0x00000000ffc00000, 0x00000000ffd00000, 0x00000000ffd00000|100%| O|  |TAMS 0x00000000ffd00000, 0x00000000ffc00000| Untracked 
|2009|0x00000000ffd00000, 0x00000000ffe00000, 0x00000000ffe00000|100%| O|  |TAMS 0x00000000ffe00000, 0x00000000ffd00000| Untracked 
|2010|0x00000000ffe00000, 0x00000000fff00000, 0x00000000fff00000|100%| O|  |TAMS 0x00000000fff00000, 0x00000000ffe00000| Untracked 
|2011|0x00000000fff00000, 0x0000000100000000, 0x0000000100000000|100%| O|  |TAMS 0x0000000100000000, 0x00000000fff00000| Untracked 

Card table byte_map: [0x000002cdfa0a0000,0x000002cdfa490000] _byte_map_base: 0x000002cdf9c8e000

Marking Bits (Prev, Next): (CMBitMap*) 0x000002cdf1784640, (CMBitMap*) 0x000002cdf1784600
 Prev Bits: [0x000002cdfc7f0000, 0x000002cdfe760000)
 Next Bits: [0x000002cdfa880000, 0x000002cdfc7f0000)

Polling page: 0x000002cdef550000

Metaspace:

Usage:
  Non-class:     27.70 MB capacity,    27.31 MB ( 99%) used,   367.35 KB (  1%) free+waste,    34.31 KB ( <1%) overhead. 
      Class:      3.43 MB capacity,     3.22 MB ( 94%) used,   204.46 KB (  6%) free+waste,    12.75 KB ( <1%) overhead. 
       Both:     31.13 MB capacity,    30.52 MB ( 98%) used,   571.81 KB (  2%) free+waste,    47.06 KB ( <1%) overhead. 

Virtual space:
  Non-class space:       28.00 MB reserved,      27.75 MB (>99%) committed 
      Class space:        1.00 GB reserved,       3.50 MB ( <1%) committed 
             Both:        1.03 GB reserved,      31.25 MB (  3%) committed 

Chunk freelists:
   Non-Class:  54.00 KB
       Class:  7.00 KB
        Both:  61.00 KB

MaxMetaspaceSize: 17179869184.00 GB
CompressedClassSpaceSize: 1.00 GB

CodeHeap 'non-profiled nmethods': size=120000Kb used=3683Kb max_used=3683Kb free=116316Kb
 bounds [0x000002cd87ad0000, 0x000002cd87e70000, 0x000002cd8f000000]
CodeHeap 'profiled nmethods': size=120000Kb used=12474Kb max_used=12474Kb free=107525Kb
 bounds [0x000002cd805a0000, 0x000002cd811d0000, 0x000002cd87ad0000]
CodeHeap 'non-nmethods': size=5760Kb used=1243Kb max_used=1368Kb free=4516Kb
 bounds [0x000002cd80000000, 0x000002cd80270000, 0x000002cd805a0000]
 total_blobs=6444 nmethods=5928 adapters=428
 compilation: enabled
              stopped_count=0, restarted_count=0
 full_count=0

Compilation events (20 events):
Event: 8.737 Thread 0x000002cdff19ee00 6735   !   2       com.sun.tools.javac.file.JRTIndex::getCtInfo (247 bytes)
Event: 8.738 Thread 0x000002cdff19ee00 nmethod 6735 0x000002cd811c6c10 code [0x000002cd811c6e60, 0x000002cd811c75b8]
Event: 8.738 Thread 0x000002cdff19ee00 6736       2       java.util.stream.ReferencePipeline$3::opWrapSink (10 bytes)
Event: 8.739 Thread 0x000002cdff19ee00 nmethod 6736 0x000002cd811c7c10 code [0x000002cd811c7dc0, 0x000002cd811c8108]
Event: 8.739 Thread 0x000002cdff19ee00 6737       2       java.util.stream.ReferencePipeline$3$1::<init> (11 bytes)
Event: 8.739 Thread 0x000002cdff19ee00 nmethod 6737 0x000002cd811c8290 code [0x000002cd811c8440, 0x000002cd811c8728]
Event: 8.739 Thread 0x000002cdff19ee00 6738       2       java.util.stream.Sink$ChainedReference::begin (11 bytes)
Event: 8.739 Thread 0x000002cdff19ee00 nmethod 6738 0x000002cd811c8890 code [0x000002cd811c8a20, 0x000002cd811c8b48]
Event: 8.773 Thread 0x000002cdff19ee00 6741       3       org.eclipse.persistence.internal.jpa.modelgen.visitors.ElementVisitor::visitType (231 bytes)
Event: 8.776 Thread 0x000002cdff19ee00 nmethod 6741 0x000002cd811c8c10 code [0x000002cd811c9100, 0x000002cd811cc1d8]
Event: 8.778 Thread 0x000002cdff19ee00 6742       2       java.util.MissingResourceException::<init> (16 bytes)
Event: 8.778 Thread 0x000002cdff19ee00 nmethod 6742 0x000002cd811ccf10 code [0x000002cd811cd0c0, 0x000002cd811cd2a8]
Event: 8.779 Thread 0x000002cdff19ee00 6743       2       com.sun.tools.javac.code.Types$14::visitClassType (54 bytes)
Event: 8.779 Thread 0x000002cdff19ee00 nmethod 6743 0x000002cd811cd390 code [0x000002cd811cd580, 0x000002cd811cd868]
Event: 8.784 Thread 0x000002cdff19ee00 6745       2       com.sun.tools.javac.file.Locations$LocationHandler::isSet (13 bytes)
Event: 8.784 Thread 0x000002cdff19ee00 nmethod 6745 0x000002cd811cda90 code [0x000002cd811cdc20, 0x000002cd811cdd48]
Event: 8.794 Thread 0x000002cdff19ee00 6746       2       org.eclipse.persistence.internal.jpa.metadata.accessors.objects.MetadataClass::equals (49 bytes)
Event: 8.794 Thread 0x000002cdff19ee00 nmethod 6746 0x000002cd811cde10 code [0x000002cd811cdfe0, 0x000002cd811ce2b8]
Event: 8.794 Thread 0x000002cdff19ee00 6747       2       org.eclipse.persistence.internal.jpa.metadata.accessors.objects.MetadataAnnotatedElement::equals (59 bytes)
Event: 8.795 Thread 0x000002cdff19ee00 nmethod 6747 0x000002cd811ce490 code [0x000002cd811ce640, 0x000002cd811ce8c8]

GC Heap History (20 events):
Event: 6.132 GC heap after
{Heap after GC invocations=10 (full 0):
 garbage-first heap   total 75776K, used 30938K [0x0000000082400000, 0x0000000100000000)
  region size 1024K, 1 young (1024K), 1 survivors (1024K)
 Metaspace       used 24967K, capacity 25526K, committed 25856K, reserved 1073152K
  class space    used 2756K, capacity 2954K, committed 3072K, reserved 1048576K
}
Event: 6.476 GC heap before
{Heap before GC invocations=11 (full 0):
 garbage-first heap   total 75776K, used 54490K [0x0000000082400000, 0x0000000100000000)
  region size 1024K, 25 young (25600K), 1 survivors (1024K)
 Metaspace       used 25030K, capacity 25590K, committed 25856K, reserved 1073152K
  class space    used 2757K, capacity 2954K, committed 3072K, reserved 1048576K
}
Event: 6.480 GC heap after
{Heap after GC invocations=12 (full 0):
 garbage-first heap   total 75776K, used 35530K [0x0000000082400000, 0x0000000100000000)
  region size 1024K, 4 young (4096K), 4 survivors (4096K)
 Metaspace       used 25030K, capacity 25590K, committed 25856K, reserved 1073152K
  class space    used 2757K, capacity 2954K, committed 3072K, reserved 1048576K
}
Event: 6.725 GC heap before
{Heap before GC invocations=12 (full 0):
 garbage-first heap   total 75776K, used 56010K [0x0000000082400000, 0x0000000100000000)
  region size 1024K, 25 young (25600K), 4 survivors (4096K)
 Metaspace       used 25615K, capacity 26088K, committed 26368K, reserved 1073152K
  class space    used 2819K, capacity 2992K, committed 3072K, reserved 1048576K
}
Event: 6.735 GC heap after
{Heap after GC invocations=13 (full 0):
 garbage-first heap   total 75776K, used 39575K [0x0000000082400000, 0x0000000100000000)
  region size 1024K, 4 young (4096K), 4 survivors (4096K)
 Metaspace       used 25615K, capacity 26088K, committed 26368K, reserved 1073152K
  class space    used 2819K, capacity 2992K, committed 3072K, reserved 1048576K
}
Event: 6.841 GC heap before
{Heap before GC invocations=13 (full 0):
 garbage-first heap   total 75776K, used 46743K [0x0000000082400000, 0x0000000100000000)
  region size 1024K, 12 young (12288K), 4 survivors (4096K)
 Metaspace       used 25840K, capacity 26410K, committed 26624K, reserved 1073152K
  class space    used 2820K, capacity 2992K, committed 3072K, reserved 1048576K
}
Event: 6.850 GC heap after
{Heap after GC invocations=14 (full 0):
 garbage-first heap   total 75776K, used 41561K [0x0000000082400000, 0x0000000100000000)
  region size 1024K, 2 young (2048K), 2 survivors (2048K)
 Metaspace       used 25840K, capacity 26410K, committed 26624K, reserved 1073152K
  class space    used 2820K, capacity 2992K, committed 3072K, reserved 1048576K
}
Event: 7.224 GC heap before
{Heap before GC invocations=15 (full 0):
 garbage-first heap   total 76800K, used 57945K [0x0000000082400000, 0x0000000100000000)
  region size 1024K, 18 young (18432K), 2 survivors (2048K)
 Metaspace       used 27779K, capacity 28343K, committed 28544K, reserved 1075200K
  class space    used 2991K, capacity 3191K, committed 3200K, reserved 1048576K
}
Event: 7.234 GC heap after
{Heap after GC invocations=16 (full 0):
 garbage-first heap   total 76800K, used 45684K [0x0000000082400000, 0x0000000100000000)
  region size 1024K, 3 young (3072K), 3 survivors (3072K)
 Metaspace       used 27779K, capacity 28343K, committed 28544K, reserved 1075200K
  class space    used 2991K, capacity 3191K, committed 3200K, reserved 1048576K
}
Event: 7.486 GC heap before
{Heap before GC invocations=16 (full 0):
 garbage-first heap   total 76800K, used 60020K [0x0000000082400000, 0x0000000100000000)
  region size 1024K, 18 young (18432K), 3 survivors (3072K)
 Metaspace       used 31051K, capacity 31619K, committed 31744K, reserved 1077248K
  class space    used 3292K, capacity 3513K, committed 3584K, reserved 1048576K
}
Event: 7.494 GC heap after
{Heap after GC invocations=17 (full 0):
 garbage-first heap   total 76800K, used 47321K [0x0000000082400000, 0x0000000100000000)
  region size 1024K, 2 young (2048K), 2 survivors (2048K)
 Metaspace       used 31051K, capacity 31619K, committed 31744K, reserved 1077248K
  class space    used 3292K, capacity 3513K, committed 3584K, reserved 1048576K
}
Event: 7.572 GC heap before
{Heap before GC invocations=18 (full 0):
 garbage-first heap   total 89088K, used 53465K [0x0000000082400000, 0x0000000100000000)
  region size 1024K, 9 young (9216K), 2 survivors (2048K)
 Metaspace       used 31108K, capacity 31747K, committed 32000K, reserved 1077248K
  class space    used 3293K, capacity 3513K, committed 3584K, reserved 1048576K
}
Event: 7.581 GC heap after
{Heap after GC invocations=19 (full 0):
 garbage-first heap   total 107520K, used 48566K [0x0000000082400000, 0x0000000100000000)
  region size 1024K, 2 young (2048K), 2 survivors (2048K)
 Metaspace       used 31108K, capacity 31747K, committed 32000K, reserved 1077248K
  class space    used 3293K, capacity 3513K, committed 3584K, reserved 1048576K
}
Event: 7.895 GC heap before
{Heap before GC invocations=20 (full 0):
 garbage-first heap   total 107520K, used 79286K [0x0000000082400000, 0x0000000100000000)
  region size 1024K, 31 young (31744K), 2 survivors (2048K)
 Metaspace       used 31192K, capacity 31811K, committed 32000K, reserved 1077248K
  class space    used 3294K, capacity 3513K, committed 3584K, reserved 1048576K
}
Event: 7.920 GC heap after
{Heap after GC invocations=21 (full 0):
 garbage-first heap   total 107520K, used 56450K [0x0000000082400000, 0x0000000100000000)
  region size 1024K, 4 young (4096K), 4 survivors (4096K)
 Metaspace       used 31192K, capacity 31811K, committed 32000K, reserved 1077248K
  class space    used 3294K, capacity 3513K, committed 3584K, reserved 1048576K
}
Event: 8.369 GC heap before
{Heap before GC invocations=22 (full 0):
 garbage-first heap   total 107520K, used 84098K [0x0000000082400000, 0x0000000100000000)
  region size 1024K, 28 young (28672K), 4 survivors (4096K)
 Metaspace       used 31225K, capacity 31875K, committed 32000K, reserved 1077248K
  class space    used 3295K, capacity 3513K, committed 3584K, reserved 1048576K
}
Event: 8.386 GC heap after
{Heap after GC invocations=23 (full 0):
 garbage-first heap   total 107520K, used 62523K [0x0000000082400000, 0x0000000100000000)
  region size 1024K, 4 young (4096K), 4 survivors (4096K)
 Metaspace       used 31225K, capacity 31875K, committed 32000K, reserved 1077248K
  class space    used 3295K, capacity 3513K, committed 3584K, reserved 1048576K
}
Event: 8.556 GC heap before
{Heap before GC invocations=23 (full 0):
 garbage-first heap   total 107520K, used 84027K [0x0000000082400000, 0x0000000100000000)
  region size 1024K, 25 young (25600K), 4 survivors (4096K)
 Metaspace       used 31241K, capacity 31875K, committed 32000K, reserved 1077248K
  class space    used 3295K, capacity 3513K, committed 3584K, reserved 1048576K
}
Event: 8.575 GC heap after
{Heap after GC invocations=24 (full 0):
 garbage-first heap   total 107520K, used 68180K [0x0000000082400000, 0x0000000100000000)
  region size 1024K, 4 young (4096K), 4 survivors (4096K)
 Metaspace       used 31241K, capacity 31875K, committed 32000K, reserved 1077248K
  class space    used 3295K, capacity 3513K, committed 3584K, reserved 1048576K
}
Event: 8.799 GC heap before
{Heap before GC invocations=25 (full 0):
 garbage-first heap   total 126976K, used 85588K [0x0000000082400000, 0x0000000100000000)
  region size 1024K, 21 young (21504K), 4 survivors (4096K)
 Metaspace       used 31256K, capacity 31875K, committed 32000K, reserved 1077248K
  class space    used 3295K, capacity 3513K, committed 3584K, reserved 1048576K
}

Deoptimization events (20 events):
Event: 8.765 Thread 0x000002cdf1749dd0 DEOPT PACKING pc=0x000002cd811c57b3 sp=0x000000eb1d1fbdb0
Event: 8.765 Thread 0x000002cdf1749dd0 DEOPT UNPACKING pc=0x000002cd8004e23f sp=0x000000eb1d1fb2b0 mode 0
Event: 8.767 Thread 0x000002cdf1749dd0 DEOPT PACKING pc=0x000002cd811c57b3 sp=0x000000eb1d1fb9a0
Event: 8.767 Thread 0x000002cdf1749dd0 DEOPT UNPACKING pc=0x000002cd8004e23f sp=0x000000eb1d1faea0 mode 0
Event: 8.767 Thread 0x000002cdf1749dd0 DEOPT PACKING pc=0x000002cd811c57b3 sp=0x000000eb1d1fb810
Event: 8.767 Thread 0x000002cdf1749dd0 DEOPT UNPACKING pc=0x000002cd8004e23f sp=0x000000eb1d1fad10 mode 0
Event: 8.768 Thread 0x000002cdf1749dd0 DEOPT PACKING pc=0x000002cd80a22854 sp=0x000000eb1d1fb0e0
Event: 8.768 Thread 0x000002cdf1749dd0 DEOPT UNPACKING pc=0x000002cd8004e23f sp=0x000000eb1d1fa660 mode 0
Event: 8.773 Thread 0x000002cdf1749dd0 DEOPT PACKING pc=0x000002cd811c57b3 sp=0x000000eb1d1fb9f0
Event: 8.774 Thread 0x000002cdf1749dd0 DEOPT UNPACKING pc=0x000002cd8004e23f sp=0x000000eb1d1faef0 mode 0
Event: 8.775 Thread 0x000002cdf1749dd0 DEOPT PACKING pc=0x000002cd811c57b3 sp=0x000000eb1d1fbe00
Event: 8.775 Thread 0x000002cdf1749dd0 DEOPT UNPACKING pc=0x000002cd8004e23f sp=0x000000eb1d1fb300 mode 0
Event: 8.779 Thread 0x000002cdf1749dd0 DEOPT PACKING pc=0x000002cd811c57b3 sp=0x000000eb1d1fbe00
Event: 8.779 Thread 0x000002cdf1749dd0 DEOPT UNPACKING pc=0x000002cd8004e23f sp=0x000000eb1d1fb300 mode 0
Event: 8.782 Thread 0x000002cdf1749dd0 DEOPT PACKING pc=0x000002cd811c57b3 sp=0x000000eb1d1fbe00
Event: 8.782 Thread 0x000002cdf1749dd0 DEOPT UNPACKING pc=0x000002cd8004e23f sp=0x000000eb1d1fb300 mode 0
Event: 8.786 Thread 0x000002cdf1749dd0 DEOPT PACKING pc=0x000002cd811c57b3 sp=0x000000eb1d1fb620
Event: 8.786 Thread 0x000002cdf1749dd0 DEOPT UNPACKING pc=0x000002cd8004e23f sp=0x000000eb1d1fab20 mode 0
Event: 8.792 Thread 0x000002cdf1749dd0 DEOPT PACKING pc=0x000002cd811c57b3 sp=0x000000eb1d1faad0
Event: 8.792 Thread 0x000002cdf1749dd0 DEOPT UNPACKING pc=0x000002cd8004e23f sp=0x000000eb1d1f9fd0 mode 0

Classes unloaded (0 events):
No events

Classes redefined (0 events):
No events

Internal exceptions (20 events):
Event: 8.789 Thread 0x000002cdf1749dd0 Exception <a 'sun/nio/fs/WindowsException'{0x0000000088cf0d18}> (0x0000000088cf0d18) 
thrown [./open/src/hotspot/share/prims/jni.cpp, line 578]
Event: 8.789 Thread 0x000002cdf1749dd0 Exception <a 'sun/nio/fs/WindowsException'{0x0000000088cf10c8}> (0x0000000088cf10c8) 
thrown [./open/src/hotspot/share/prims/jni.cpp, line 578]
Event: 8.789 Thread 0x000002cdf1749dd0 Exception <a 'sun/nio/fs/WindowsException'{0x0000000088cfd350}> (0x0000000088cfd350) 
thrown [./open/src/hotspot/share/prims/jni.cpp, line 578]
Event: 8.789 Thread 0x000002cdf1749dd0 Exception <a 'sun/nio/fs/WindowsException'{0x0000000088cfd710}> (0x0000000088cfd710) 
thrown [./open/src/hotspot/share/prims/jni.cpp, line 578]
Event: 8.790 Thread 0x000002cdf1749dd0 Exception <a 'sun/nio/fs/WindowsException'{0x0000000088b00cd0}> (0x0000000088b00cd0) 
thrown [./open/src/hotspot/share/prims/jni.cpp, line 578]
Event: 8.790 Thread 0x000002cdf1749dd0 Exception <a 'sun/nio/fs/WindowsException'{0x0000000088b01050}> (0x0000000088b01050) 
thrown [./open/src/hotspot/share/prims/jni.cpp, line 578]
Event: 8.790 Thread 0x000002cdf1749dd0 Exception <a 'sun/nio/fs/WindowsException'{0x0000000088b06648}> (0x0000000088b06648) 
thrown [./open/src/hotspot/share/prims/jni.cpp, line 578]
Event: 8.790 Thread 0x000002cdf1749dd0 Exception <a 'sun/nio/fs/WindowsException'{0x0000000088b06a08}> (0x0000000088b06a08) 
thrown [./open/src/hotspot/share/prims/jni.cpp, line 578]
Event: 8.791 Thread 0x000002cdf1749dd0 Exception <a 'sun/nio/fs/WindowsException'{0x0000000088b102c8}> (0x0000000088b102c8) 
thrown [./open/src/hotspot/share/prims/jni.cpp, line 578]
Event: 8.791 Thread 0x000002cdf1749dd0 Exception <a 'sun/nio/fs/WindowsException'{0x0000000088b10658}> (0x0000000088b10658) 
thrown [./open/src/hotspot/share/prims/jni.cpp, line 578]
Event: 8.791 Thread 0x000002cdf1749dd0 Exception <a 'sun/nio/fs/WindowsException'{0x0000000088b16f98}> (0x0000000088b16f98) 
thrown [./open/src/hotspot/share/prims/jni.cpp, line 578]
Event: 8.791 Thread 0x000002cdf1749dd0 Exception <a 'sun/nio/fs/WindowsException'{0x0000000088b172d8}> (0x0000000088b172d8) 
thrown [./open/src/hotspot/share/prims/jni.cpp, line 578]
Event: 8.791 Thread 0x000002cdf1749dd0 Exception <a 'sun/nio/fs/WindowsException'{0x0000000088b274b0}> (0x0000000088b274b0) 
thrown [./open/src/hotspot/share/prims/jni.cpp, line 578]
Event: 8.791 Thread 0x000002cdf1749dd0 Exception <a 'sun/nio/fs/WindowsException'{0x0000000088b27838}> (0x0000000088b27838) 
thrown [./open/src/hotspot/share/prims/jni.cpp, line 578]
Event: 8.795 Thread 0x000002cdf1749dd0 Exception <a 'sun/nio/fs/WindowsException'{0x0000000088b87de0}> (0x0000000088b87de0) 
thrown [./open/src/hotspot/share/prims/jni.cpp, line 578]
Event: 8.795 Thread 0x000002cdf1749dd0 Exception <a 'sun/nio/fs/WindowsException'{0x0000000088b88158}> (0x0000000088b88158) 
thrown [./open/src/hotspot/share/prims/jni.cpp, line 578]
Event: 8.795 Thread 0x000002cdf1749dd0 Exception <a 'sun/nio/fs/WindowsException'{0x0000000088b8f988}> (0x0000000088b8f988) 
thrown [./open/src/hotspot/share/prims/jni.cpp, line 578]
Event: 8.795 Thread 0x000002cdf1749dd0 Exception <a 'sun/nio/fs/WindowsException'{0x0000000088b8fcb0}> (0x0000000088b8fcb0) 
thrown [./open/src/hotspot/share/prims/jni.cpp, line 578]
Event: 8.796 Thread 0x000002cdf1749dd0 Exception <a 'sun/nio/fs/WindowsException'{0x0000000088ba32d8}> (0x0000000088ba32d8) 
thrown [./open/src/hotspot/share/prims/jni.cpp, line 578]
Event: 8.796 Thread 0x000002cdf1749dd0 Exception <a 'sun/nio/fs/WindowsException'{0x0000000088ba3648}> (0x0000000088ba3648) 
thrown [./open/src/hotspot/share/prims/jni.cpp, line 578]

Events (20 events):
Event: 8.338 loading class java/util/concurrent/ConcurrentHashMap$TreeNode done
Event: 8.338 loading class java/util/concurrent/ConcurrentHashMap$TreeBin
Event: 8.338 loading class java/util/concurrent/ConcurrentHashMap$TreeBin done
Event: 8.369 Executing VM operation: G1CollectForAllocation
Event: 8.386 Executing VM operation: G1CollectForAllocation done
Event: 8.549 Executing VM operation: HandshakeAllThreads
Event: 8.549 Executing VM operation: HandshakeAllThreads done
Event: 8.556 Thread 0x000002cdff1b42a0 flushing nmethod 0x000002cd80ff2b10
Event: 8.556 Thread 0x000002cdff1b42a0 flushing nmethod 0x000002cd80ffa210
Event: 8.556 Thread 0x000002cdff1b42a0 flushing nmethod 0x000002cd80ffa590
Event: 8.556 Thread 0x000002cdff1b42a0 flushing nmethod 0x000002cd80ffaa90
Event: 8.556 Thread 0x000002cdff1b42a0 flushing nmethod 0x000002cd80ffaf10
Event: 8.556 Thread 0x000002cdff1b42a0 flushing nmethod 0x000002cd80ffbf10
Event: 8.556 Executing VM operation: G1CollectForAllocation
Event: 8.575 Executing VM operation: G1CollectForAllocation done
Event: 8.653 Executing VM operation: G1Concurrent
Event: 8.660 Executing VM operation: G1Concurrent done
Event: 8.705 Executing VM operation: G1Concurrent
Event: 8.705 Executing VM operation: G1Concurrent done
Event: 8.799 Executing VM operation: G1CollectForAllocation


Dynamic libraries:
0x00007ff770970000 - 0x00007ff77097f000 	C:\Program Files\Java\jdk-15.0.1\bin\java.exe
0x00007ffd09470000 - 0x00007ffd09668000 	C:\WINDOWS\SYSTEM32\ntdll.dll
0x00007ffd07880000 - 0x00007ffd0793d000 	C:\WINDOWS\System32\KERNEL32.DLL
0x00007ffd07100000 - 0x00007ffd073ce000 	C:\WINDOWS\System32\KERNELBASE.dll
0x00007ffd073d0000 - 0x00007ffd074d0000 	C:\WINDOWS\System32\ucrtbase.dll
0x00007ffcfd8d0000 - 0x00007ffcfd8e9000 	C:\Program Files\Java\jdk-15.0.1\bin\VCRUNTIME140.dll
0x00007ffccddb0000 - 0x00007ffccddc8000 	C:\Program Files\Java\jdk-15.0.1\bin\jli.dll
0x00007ffd08ae0000 - 0x00007ffd08b8e000 	C:\WINDOWS\System32\ADVAPI32.dll
0x00007ffd08b90000 - 0x00007ffd08c2e000 	C:\WINDOWS\System32\msvcrt.dll
0x00007ffd088e0000 - 0x00007ffd0897c000 	C:\WINDOWS\System32\sechost.dll
0x00007ffd07bd0000 - 0x00007ffd07cf5000 	C:\WINDOWS\System32\RPCRT4.dll
0x00007ffd08740000 - 0x00007ffd088e0000 	C:\WINDOWS\System32\USER32.dll
0x00007ffce4b70000 - 0x00007ffce4e0a000 	C:\WINDOWS\WinSxS\amd64_microsoft.windows.common-controls_6595b64144ccf1df_6.0.19041.1110_none_60b5254171f9507e\COMCTL32.dll
0x00007ffd06db0000 - 0x00007ffd06dd2000 	C:\WINDOWS\System32\win32u.dll
0x00007ffd089e0000 - 0x00007ffd08a0a000 	C:\WINDOWS\System32\GDI32.dll
0x00007ffd06b90000 - 0x00007ffd06c9b000 	C:\WINDOWS\System32\gdi32full.dll
0x00007ffd06de0000 - 0x00007ffd06e7d000 	C:\WINDOWS\System32\msvcp_win.dll
0x00007ffcfc730000 - 0x00007ffcfc73a000 	C:\WINDOWS\SYSTEM32\VERSION.dll
0x00007ffd08990000 - 0x00007ffd089c0000 	C:\WINDOWS\System32\IMM32.DLL
0x00007ffcfa960000 - 0x00007ffcfa96c000 	C:\Program Files\Java\jdk-15.0.1\bin\vcruntime140_1.dll
0x00007ffcdfe70000 - 0x00007ffcdff01000 	C:\Program Files\Java\jdk-15.0.1\bin\msvcp140.dll
0x00007ffcc58c0000 - 0x00007ffcc641e000 	C:\Program Files\Java\jdk-15.0.1\bin\server\jvm.dll
0x00007ffd08980000 - 0x00007ffd08988000 	C:\WINDOWS\System32\PSAPI.DLL
0x00007ffc72040000 - 0x00007ffc72049000 	C:\WINDOWS\SYSTEM32\WSOCK32.dll
0x00007ffcea550000 - 0x00007ffcea577000 	C:\WINDOWS\SYSTEM32\WINMM.dll
0x00007ffd08a70000 - 0x00007ffd08adb000 	C:\WINDOWS\System32\WS2_32.dll
0x00007ffd05420000 - 0x00007ffd05432000 	C:\WINDOWS\SYSTEM32\kernel.appcore.dll
0x00007ffcfa4a0000 - 0x00007ffcfa4aa000 	C:\Program Files\Java\jdk-15.0.1\bin\jimage.dll
0x00007ffd04a00000 - 0x00007ffd04be4000 	C:\WINDOWS\SYSTEM32\DBGHELP.DLL
0x00007ffcea1b0000 - 0x00007ffcea1dc000 	C:\WINDOWS\SYSTEM32\dbgcore.DLL
0x00007ffd06ca0000 - 0x00007ffd06d22000 	C:\WINDOWS\System32\bcryptPrimitives.dll
0x00007ffcfa280000 - 0x00007ffcfa2a5000 	C:\Program Files\Java\jdk-15.0.1\bin\java.dll
0x00007ffd08ce0000 - 0x00007ffd09424000 	C:\WINDOWS\System32\SHELL32.dll
0x00007ffd04c70000 - 0x00007ffd05404000 	C:\WINDOWS\SYSTEM32\windows.storage.dll
0x00007ffd08180000 - 0x00007ffd084d4000 	C:\WINDOWS\System32\combase.dll
0x00007ffd065f0000 - 0x00007ffd06620000 	C:\WINDOWS\SYSTEM32\Wldp.dll
0x00007ffd08c30000 - 0x00007ffd08cdd000 	C:\WINDOWS\System32\SHCORE.dll
0x00007ffd07600000 - 0x00007ffd07655000 	C:\WINDOWS\System32\shlwapi.dll
0x00007ffd06ad0000 - 0x00007ffd06aef000 	C:\WINDOWS\SYSTEM32\profapi.dll
0x00007ffcf9bf0000 - 0x00007ffcf9c09000 	C:\Program Files\Java\jdk-15.0.1\bin\net.dll
0x00007ffcf53d0000 - 0x00007ffcf54da000 	C:\WINDOWS\SYSTEM32\WINHTTP.dll
0x00007ffd06350000 - 0x00007ffd063ba000 	C:\WINDOWS\system32\mswsock.dll
0x00007ffcf6c00000 - 0x00007ffcf6c12000 	C:\Program Files\Java\jdk-15.0.1\bin\nio.dll
0x00007ffce63b0000 - 0x00007ffce63c8000 	C:\Program Files\Java\jdk-15.0.1\bin\zip.dll
0x00007ffcf6b80000 - 0x00007ffcf6b90000 	C:\Program Files\Java\jdk-15.0.1\bin\verify.dll
0x00007ffcf4730000 - 0x00007ffcf473a000 	C:\Program Files\NetBeans-12.1\netbeans\java\maven\lib\jansi-native\windows64\jansi.dll

dbghelp: loaded successfully - version: 4.0.5 - missing functions: none
symbol engine: initialized successfully - sym options: 0x614 - pdb path: .;C:\Program Files\Java\jdk-15.0.1\bin;C:\WINDOWS\SYSTEM32;C:\WINDOWS\WinSxS\amd64_microsoft.windows.common-controls_6595b64144ccf1df_6.0.19041.1110_none_60b5254171f9507e;C:\Program Files\Java\jdk-15.0.1\bin\server;C:\Program Files\NetBeans-12.1\netbeans\java\maven\lib\jansi-native\windows64

VM Arguments:
jvm_args: -Dclassworlds.conf=C:\Program Files\NetBeans-12.1\netbeans\java\maven\bin\..\bin\m2.conf -Dmaven.home=C:\Program Files\NetBeans-12.1\netbeans\java\maven\bin\.. -Dlibrary.jansi.path=C:\Program Files\NetBeans-12.1\netbeans\java\maven\bin\..\lib\jansi-native -Dmaven.multiModuleProjectDirectory=E:\NTTV-HTV-ExpenseManager\Project-Update 
java_command: org.codehaus.plexus.classworlds.launcher.Launcher -Dnetbeans.deploy=true -Dmaven.ext.class.path=C:\Program Files\NetBeans-12.1\netbeans\java\maven-nblib\netbeans-eventspy.jar -Dfile.encoding=UTF-8 package
java_class_path (initial): C:\Program Files\NetBeans-12.1\netbeans\java\maven\bin\..\boot\plexus-classworlds-2.6.0.jar
Launcher Type: SUN_STANDARD

[Global flags]
     intx CICompilerCount                          = 4                                         {product} {ergonomic}
     uint ConcGCThreads                            = 2                                         {product} {ergonomic}
     uint G1ConcRefinementThreads                  = 8                                         {product} {ergonomic}
   size_t G1HeapRegionSize                         = 1048576                                   {product} {ergonomic}
    uintx GCDrainStackTargetSize                   = 64                                        {product} {ergonomic}
   size_t InitialHeapSize                          = 132120576                                 {product} {ergonomic}
   size_t MarkStackSize                            = 4194304                                   {product} {ergonomic}
   size_t MaxHeapSize                              = 2109734912                                {product} {ergonomic}
   size_t MaxNewSize                               = 1265631232                                {product} {ergonomic}
   size_t MinHeapDeltaBytes                        = 1048576                                   {product} {ergonomic}
   size_t MinHeapSize                              = 8388608                                   {product} {ergonomic}
    uintx NonNMethodCodeHeapSize                   = 5839372                                {pd product} {ergonomic}
    uintx NonProfiledCodeHeapSize                  = 122909434                              {pd product} {ergonomic}
    uintx ProfiledCodeHeapSize                     = 122909434                              {pd product} {ergonomic}
    uintx ReservedCodeCacheSize                    = 251658240                              {pd product} {ergonomic}
     bool SegmentedCodeCache                       = true                                      {product} {ergonomic}
   size_t SoftMaxHeapSize                          = 2109734912                             {manageable} {ergonomic}
     bool UseCompressedClassPointers               = true                                 {lp64_product} {ergonomic}
     bool UseCompressedOops                        = true                                 {lp64_product} {ergonomic}
     bool UseG1GC                                  = true                                      {product} {ergonomic}
     bool UseLargePagesIndividualAllocation        = false                                  {pd product} {ergonomic}

Logging:
Log output configuration:
 #0: stdout all=warning uptime,level,tags
 #1: stderr all=off uptime,level,tags

Environment Variables:
JAVA_HOME=C:\Program Files\Java\jdk-15.0.1
PATH=C:\Program Files\Common Files\Oracle\Java\javapath;C:\WINDOWS\system32;C:\WINDOWS;C:\WINDOWS\System32\Wbem;C:\WINDOWS\System32\WindowsPowerShell\v1.0\;C:\WINDOWS\System32\OpenSSH\;C:\Program Files\dotnet\;C:\Program Files\Azure Data Studio\bin;C:\Program Files\Microsoft SQL Server\130\Tools\Binn\;C:\Program Files\Microsoft SQL Server\Client SDK\ODBC\170\Tools\Binn\;C:\xampp\php;C:\ProgramData\ComposerSetup\bin;C:\Program Files\Git\cmd;C:\Program Files (x86)\Microsoft SQL Server\150\Tools\Binn\;C:\Program Files\Microsoft SQL Server\150\Tools\Binn\;C:\Program Files (x86)\Microsoft SQL Server\150\DTS\Binn\;C:\Program Files\Microsoft SQL Server\150\DTS\Binn\;C:\Program Files\nodejs\;C:\Program Files\MySQL\MySQL Shell 8.0\bin\;C:\Users\DELL\AppData\Local\Microsoft\WindowsApps;C:\Users\DELL\AppData\Local\Programs\Microsoft VS Code\bin;C:\Users\DELL\.dotnet\tools;C:\Users\DELL\AppData\Local\GitHubDesktop\bin;C:\Users\DELL\.dotnet\tools;C:\Program Files\Azure Data Studio\bin;C:\Users\DELL\AppData\Roaming\Composer\vendor\bin;C:\Users\DELL\AppData\Local\JetBrains\PhpStorm 2021.3.3\bin;;C:\Users\DELL\AppData\Roaming\npm
USERNAME=DELL
OS=Windows_NT
PROCESSOR_IDENTIFIER=Intel64 Family 6 Model 142 Stepping 12, GenuineIntel



---------------  S Y S T E M  ---------------

OS:
 Windows 10 , 64 bit Build 19041 (10.0.19041.1806)
OS uptime: 6 days 5:55 hours

CPU: total 8 (initial active 8) (4 cores per cpu, 2 threads per core) family 6 model 142 stepping 12 microcode 0xf0, cmov, cx8, fxsr, mmx, sse, sse2, sse3, ssse3, sse4.1, sse4.2, popcnt, vzeroupper, avx, avx2, aes, clmul, erms, 3dnowpref, lzcnt, ht, tsc, tscinvbit, bmi1, bmi2, adx, fma, clflush, clflushopt

Memory: 4k page, system-wide physical 8040M (712M free)
TotalPageFile size 12797M (AvailPageFile size 57M)
current process WorkingSet (physical memory assigned to process): 292M, peak: 292M
current process commit charge ("private bytes"): 369M, peak: 433M

vm_info: Java HotSpot(TM) 64-Bit Server VM (15.0.1+9-18) for windows-amd64 JRE (15.0.1+9-18), built on Sep 15 2020 14:43:54 by "mach5one" with unknown MS VC++:1925

END.
